<?xml version="1.0" encoding="UTF-8"?>
<!-- Generated by org.testng.reporters.JUnitXMLReporter -->
<testsuite hostname="DESKTOP-P7PIGAP" ignored="0" name="LagunaProjectQA" tests="4" failures="1" timestamp="2022-03-14T23:11:16 CET" time="29.885" errors="0">
  <testcase name="redirectToFacebook" time="7.458" classname="tests.SocialNetworkTest"/>
  <testcase name="redirectToInstagram" time="7.355" classname="tests.SocialNetworkTest"/>
  <testcase name="redirectToTwitter" time="6.419" classname="tests.SocialNetworkTest"/>
  <testcase name="redirectToYoutube" time="7.02" classname="tests.SocialNetworkTest">
    <failure type="java.lang.AssertionError" message="Wrong URL. Expected: https://www.facebook.com/LagunaKnjige/ . Actual: https://www.youtube.com/user/lagunaknjige">
      <![CDATA[java.lang.AssertionError: Wrong URL. Expected: https://www.facebook.com/LagunaKnjige/ . Actual: https://www.youtube.com/user/lagunaknjige
at tests.BaseTest.assertUrl(BaseTest.java:54)
at tests.SocialNetworkTest.redirectToYoutube(SocialNetworkTest.java:148)
at java.util.ArrayList.forEach(ArrayList.java:1249)
at com.intellij.rt.testng.IDEARemoteTestNG.run(IDEARemoteTestNG.java:66)
at com.intellij.rt.testng.RemoteTestNGStarter.main(RemoteTestNGStarter.java:109)
... Removed 24 stack frames]]>
    </failure>
  </testcase> <!-- redirectToYoutube -->
</testsuite> <!-- LagunaProjectQA -->
