<?xml version="1.0" encoding="UTF-8"?>
<testng-results skipped="0" failed="1" ignored="0" total="4" passed="3">
  <reporter-output>
    <line>
      <![CDATA[assert 2.1 Confirm that you are on https://www.facebook.com/LagunaKnjige/]]>
    </line>
    <line>
      <![CDATA[assert 2.1 Confirm that you are on https://www.instagram.com/laguna_knjige/]]>
    </line>
    <line>
      <![CDATA[assert 2.1 Confirm that you are on https://twitter.com/IPLaguna]]>
    </line>
    <line>
      <![CDATA[assert 2.1 Confirm that you are on https://www.youtube.com/user/lagunaknjige"]]>
    </line>
  </reporter-output>
  <suite name="Default Suite" duration-ms="29885" started-at="2022-03-14T23:10:46 CET" finished-at="2022-03-14T23:11:16 CET">
    <groups>
    </groups>
    <test name="LagunaProjectQA" duration-ms="29885" started-at="2022-03-14T23:10:46 CET" finished-at="2022-03-14T23:11:16 CET">
      <class name="tests.SocialNetworkTest">
        <test-method status="PASS" signature="redirectToFacebook()[pri:0, instance:tests.SocialNetworkTest@2de23121]" name="redirectToFacebook" duration-ms="7458" started-at="2022-03-14T23:10:46 CET" finished-at="2022-03-14T23:10:54 CET">
          <reporter-output>
            <line>
              <![CDATA[assert 2.1 Confirm that you are on https://www.facebook.com/LagunaKnjige/]]>
            </line>
          </reporter-output>
        </test-method> <!-- redirectToFacebook -->
        <test-method status="PASS" signature="testFailureScreenshot(org.testng.ITestResult)[pri:0, instance:tests.SocialNetworkTest@2de23121]" name="testFailureScreenshot" is-config="true" duration-ms="9" started-at="2022-03-14T23:10:54 CET" finished-at="2022-03-14T23:10:54 CET">
          <params>
            <param index="0">
              <value>
                <![CDATA[[TestResult name=redirectToFacebook status=SUCCESS method=SocialNetworkTest.redirectToFacebook()[pri:0, instance:tests.SocialNetworkTest@2de23121] output=assert 2.1 Confirm that you are on https://www.facebook.com/LagunaKnjige/]]]>
              </value>
            </param>
          </params>
          <reporter-output>
          </reporter-output>
        </test-method> <!-- testFailureScreenshot -->
        <test-method status="PASS" signature="redirectToInstagram()[pri:0, instance:tests.SocialNetworkTest@2de23121]" name="redirectToInstagram" duration-ms="7355" started-at="2022-03-14T23:10:54 CET" finished-at="2022-03-14T23:11:01 CET">
          <reporter-output>
            <line>
              <![CDATA[assert 2.1 Confirm that you are on https://www.instagram.com/laguna_knjige/]]>
            </line>
          </reporter-output>
        </test-method> <!-- redirectToInstagram -->
        <test-method status="PASS" signature="testFailureScreenshot(org.testng.ITestResult)[pri:0, instance:tests.SocialNetworkTest@2de23121]" name="testFailureScreenshot" is-config="true" duration-ms="1" started-at="2022-03-14T23:11:01 CET" finished-at="2022-03-14T23:11:01 CET">
          <params>
            <param index="0">
              <value>
                <![CDATA[[TestResult name=redirectToInstagram status=SUCCESS method=SocialNetworkTest.redirectToInstagram()[pri:0, instance:tests.SocialNetworkTest@2de23121] output=assert 2.1 Confirm that you are on https://www.instagram.com/laguna_knjige/]]]>
              </value>
            </param>
          </params>
          <reporter-output>
          </reporter-output>
        </test-method> <!-- testFailureScreenshot -->
        <test-method status="PASS" signature="redirectToTwitter()[pri:0, instance:tests.SocialNetworkTest@2de23121]" name="redirectToTwitter" duration-ms="6419" started-at="2022-03-14T23:11:01 CET" finished-at="2022-03-14T23:11:08 CET">
          <reporter-output>
            <line>
              <![CDATA[assert 2.1 Confirm that you are on https://twitter.com/IPLaguna]]>
            </line>
          </reporter-output>
        </test-method> <!-- redirectToTwitter -->
        <test-method status="PASS" signature="testFailureScreenshot(org.testng.ITestResult)[pri:0, instance:tests.SocialNetworkTest@2de23121]" name="testFailureScreenshot" is-config="true" duration-ms="2" started-at="2022-03-14T23:11:08 CET" finished-at="2022-03-14T23:11:08 CET">
          <params>
            <param index="0">
              <value>
                <![CDATA[[TestResult name=redirectToTwitter status=SUCCESS method=SocialNetworkTest.redirectToTwitter()[pri:0, instance:tests.SocialNetworkTest@2de23121] output=assert 2.1 Confirm that you are on https://twitter.com/IPLaguna]]]>
              </value>
            </param>
          </params>
          <reporter-output>
          </reporter-output>
        </test-method> <!-- testFailureScreenshot -->
        <test-method status="FAIL" signature="redirectToYoutube()[pri:0, instance:tests.SocialNetworkTest@2de23121]" name="redirectToYoutube" duration-ms="7020" started-at="2022-03-14T23:11:08 CET" finished-at="2022-03-14T23:11:15 CET">
          <exception class="java.lang.AssertionError">
            <message>
              <![CDATA[Wrong URL. Expected: https://www.facebook.com/LagunaKnjige/ . Actual: https://www.youtube.com/user/lagunaknjige]]>
            </message>
            <full-stacktrace>
              <![CDATA[java.lang.AssertionError: Wrong URL. Expected: https://www.facebook.com/LagunaKnjige/ . Actual: https://www.youtube.com/user/lagunaknjige
at tests.BaseTest.assertUrl(BaseTest.java:54)
at tests.SocialNetworkTest.redirectToYoutube(SocialNetworkTest.java:148)
at sun.reflect.NativeMethodAccessorImpl.invoke0(Native Method)
at sun.reflect.NativeMethodAccessorImpl.invoke(NativeMethodAccessorImpl.java:62)
at sun.reflect.DelegatingMethodAccessorImpl.invoke(DelegatingMethodAccessorImpl.java:43)
at java.lang.reflect.Method.invoke(Method.java:498)
at org.testng.internal.MethodInvocationHelper.invokeMethod(MethodInvocationHelper.java:133)
at org.testng.internal.TestInvoker.invokeMethod(TestInvoker.java:598)
at org.testng.internal.TestInvoker.invokeTestMethod(TestInvoker.java:173)
at org.testng.internal.MethodRunner.runInSequence(MethodRunner.java:46)
at org.testng.internal.TestInvoker$MethodInvocationAgent.invoke(TestInvoker.java:824)
at org.testng.internal.TestInvoker.invokeTestMethods(TestInvoker.java:146)
at org.testng.internal.TestMethodWorker.invokeTestMethods(TestMethodWorker.java:146)
at org.testng.internal.TestMethodWorker.run(TestMethodWorker.java:128)
at java.util.ArrayList.forEach(ArrayList.java:1249)
at org.testng.TestRunner.privateRun(TestRunner.java:794)
at org.testng.TestRunner.run(TestRunner.java:596)
at org.testng.SuiteRunner.runTest(SuiteRunner.java:377)
at org.testng.SuiteRunner.runSequentially(SuiteRunner.java:371)
at org.testng.SuiteRunner.privateRun(SuiteRunner.java:332)
at org.testng.SuiteRunner.run(SuiteRunner.java:276)
at org.testng.SuiteRunnerWorker.runSuite(SuiteRunnerWorker.java:53)
at org.testng.SuiteRunnerWorker.run(SuiteRunnerWorker.java:96)
at org.testng.TestNG.runSuitesSequentially(TestNG.java:1212)
at org.testng.TestNG.runSuitesLocally(TestNG.java:1134)
at org.testng.TestNG.runSuites(TestNG.java:1063)
at org.testng.TestNG.run(TestNG.java:1031)
at com.intellij.rt.testng.IDEARemoteTestNG.run(IDEARemoteTestNG.java:66)
at com.intellij.rt.testng.RemoteTestNGStarter.main(RemoteTestNGStarter.java:109)
]]>
            </full-stacktrace>
          </exception> <!-- java.lang.AssertionError -->
          <reporter-output>
            <line>
              <![CDATA[assert 2.1 Confirm that you are on https://www.youtube.com/user/lagunaknjige"]]>
            </line>
          </reporter-output>
        </test-method> <!-- redirectToYoutube -->
        <test-method status="PASS" signature="testFailureScreenshot(org.testng.ITestResult)[pri:0, instance:tests.SocialNetworkTest@2de23121]" name="testFailureScreenshot" is-config="true" duration-ms="1559" started-at="2022-03-14T23:11:15 CET" finished-at="2022-03-14T23:11:16 CET">
          <params>
            <param index="0">
              <value>
                <![CDATA[[TestResult name=redirectToYoutube status=FAILURE method=SocialNetworkTest.redirectToYoutube()[pri:0, instance:tests.SocialNetworkTest@2de23121] output=assert 2.1 Confirm that you are on https://www.youtube.com/user/lagunaknjige"]]]>
              </value>
            </param>
          </params>
          <reporter-output>
          </reporter-output>
        </test-method> <!-- testFailureScreenshot -->
      </class> <!-- tests.SocialNetworkTest -->
    </test> <!-- LagunaProjectQA -->
  </suite> <!-- Default Suite -->
</testng-results>
